<?xml version="1.0" encoding="UTF-8"?>
<testng-results ignored="0" total="2" passed="2" failed="0" skipped="0">
  <reporter-output>
  </reporter-output>
  <suite started-at="2018-12-06T02:04:37Z" name="Suite" finished-at="2018-12-06T02:04:37Z" duration-ms="50">
    <groups>
    </groups>
    <test started-at="2018-12-06T02:04:37Z" name="Test" finished-at="2018-12-06T02:04:37Z" duration-ms="50">
      <class name="com.maven.MavenTest">
        <test-method signature="hello()[pri:0, instance:com.maven.MavenTest@32ee6fee]" started-at="2018-12-06T02:04:37Z" name="hello" finished-at="2018-12-06T02:04:37Z" duration-ms="1" status="PASS">
          <reporter-output>
          </reporter-output>
        </test-method> <!-- hello -->
      </class> <!-- com.maven.MavenTest -->
      <class name="com.maven.MavenTest2">
        <test-method signature="hello2()[pri:0, instance:com.maven.MavenTest2@5562c41e]" started-at="2018-12-06T02:04:37Z" name="hello2" finished-at="2018-12-06T02:04:37Z" duration-ms="12" status="PASS">
          <reporter-output>
          </reporter-output>
        </test-method> <!-- hello2 -->
      </class> <!-- com.maven.MavenTest2 -->
    </test> <!-- Test -->
  </suite> <!-- Suite -->
</testng-results>
